# JRE version: Java(TM) SE Runtime Environment (17.0.8+9) (build 17.0.8+9-LTS-211)
# Java VM: Java HotSpot(TM) 64-Bit Server VM (17.0.8+9-LTS-211, mixed mode, emulated-client, sharing, tiered, compressed oops, compressed class ptrs, g1 gc, windows-amd64)
GC Precious Log:
 CPUs: 16 total, 16 available
 Memory: 5996M
 Large Page Support: Disabled
 NUMA Support: Disabled
 Compressed Oops: Enabled (32-bit)
 Heap Region Size: 1M
 Heap Min Capacity: 8M
 Heap Initial Capacity: 94M
 Heap Max Capacity: 1500M
 Pre-touch: Disabled
 Parallel Workers: 13
 Concurrent Workers: 3
 Concurrent Refinement Workers: 13
 Periodic GC: Disabled
Heap:
 garbage-first heap   total 235520K, used 92762K [0x00000000a2400000, 0x0000000100000000)
  region size 1024K, 9 young (9216K), 9 survivors (9216K)
 Metaspace       used 84586K, committed 85312K, reserved 1179648K
  class space    used 11966K, committed 12288K, reserved 1048576K
GC Heap History (20 events):
Event: 3.899 GC heap after
{Heap after GC invocations=18 (full 0):
 garbage-first heap   total 73728K, used 33728K [0x00000000a2400000, 0x0000000100000000)
  region size 1024K, 3 young (3072K), 3 survivors (3072K)
 Metaspace       used 68101K, committed 68736K, reserved 1114112K
  class space    used 9945K, committed 10240K, reserved 1048576K
}
Event: 3.999 GC heap before
{Heap before GC invocations=18 (full 0):
 garbage-first heap   total 73728K, used 56256K [0x00000000a2400000, 0x0000000100000000)
  region size 1024K, 26 young (26624K), 3 survivors (3072K)
 Metaspace       used 69885K, committed 70528K, reserved 1114112K
  class space    used 10196K, committed 10496K, reserved 1048576K
}
Event: 4.001 GC heap after
{Heap after GC invocations=19 (full 0):
 garbage-first heap   total 89088K, used 35844K [0x00000000a2400000, 0x0000000100000000)
  region size 1024K, 3 young (3072K), 3 survivors (3072K)
 Metaspace       used 69885K, committed 70528K, reserved 1114112K
  class space    used 10196K, committed 10496K, reserved 1048576K
}
Event: 4.050 GC heap before
{Heap before GC invocations=19 (full 0):
 garbage-first heap   total 89088K, used 70660K [0x00000000a2400000, 0x0000000100000000)
  region size 1024K, 37 young (37888K), 3 survivors (3072K)
 Metaspace       used 69897K, committed 70528K, reserved 1114112K
  class space    used 10197K, committed 10496K, reserved 1048576K
}
Event: 4.053 GC heap after
{Heap after GC invocations=20 (full 0):
 garbage-first heap   total 89088K, used 40043K [0x00000000a2400000, 0x0000000100000000)
  region size 1024K, 5 young (5120K), 5 survivors (5120K)
 Metaspace       used 69897K, committed 70528K, reserved 1114112K
  class space    used 10197K, committed 10496K, reserved 1048576K
}
Event: 4.083 GC heap before
{Heap before GC invocations=20 (full 0):
 garbage-first heap   total 89088K, used 67691K [0x00000000a2400000, 0x0000000100000000)
  region size 1024K, 32 young (32768K), 5 survivors (5120K)
 Metaspace       used 69898K, committed 70528K, reserved 1114112K
  class space    used 10197K, committed 10496K, reserved 1048576K
}
Event: 4.092 GC heap after
{Heap after GC invocations=21 (full 0):
 garbage-first heap   total 89088K, used 47183K [0x00000000a2400000, 0x0000000100000000)
  region size 1024K, 4 young (4096K), 4 survivors (4096K)
 Metaspace       used 69898K, committed 70528K, reserved 1114112K
  class space    used 10197K, committed 10496K, reserved 1048576K
}
Event: 4.150 GC heap before
{Heap before GC invocations=21 (full 0):
 garbage-first heap   total 89088K, used 66639K [0x00000000a2400000, 0x0000000100000000)
  region size 1024K, 23 young (23552K), 4 survivors (4096K)
 Metaspace       used 70067K, committed 70784K, reserved 1114112K
  class space    used 10222K, committed 10560K, reserved 1048576K
}
Event: 4.154 GC heap after
{Heap after GC invocations=22 (full 0):
 garbage-first heap   total 89088K, used 50022K [0x00000000a2400000, 0x0000000100000000)
  region size 1024K, 3 young (3072K), 3 survivors (3072K)
 Metaspace       used 70067K, committed 70784K, reserved 1114112K
  class space    used 10222K, committed 10560K, reserved 1048576K
}
Event: 4.177 GC heap before
{Heap before GC invocations=22 (full 0):
 garbage-first heap   total 117760K, used 68454K [0x00000000a2400000, 0x0000000100000000)
  region size 1024K, 21 young (21504K), 3 survivors (3072K)
 Metaspace       used 70067K, committed 70784K, reserved 1114112K
  class space    used 10222K, committed 10560K, reserved 1048576K
}
Event: 4.182 GC heap after
{Heap after GC invocations=23 (full 0):
 garbage-first heap   total 235520K, used 54928K [0x00000000a2400000, 0x0000000100000000)
  region size 1024K, 3 young (3072K), 3 survivors (3072K)
 Metaspace       used 70067K, committed 70784K, reserved 1114112K
  class space    used 10222K, committed 10560K, reserved 1048576K
}
Event: 4.347 GC heap before
{Heap before GC invocations=24 (full 0):
 garbage-first heap   total 235520K, used 162448K [0x00000000a2400000, 0x0000000100000000)
  region size 1024K, 107 young (109568K), 3 survivors (3072K)
 Metaspace       used 70067K, committed 70784K, reserved 1114112K
  class space    used 10222K, committed 10560K, reserved 1048576K
}
Event: 4.365 GC heap after
{Heap after GC invocations=25 (full 0):
 garbage-first heap   total 235520K, used 77094K [0x00000000a2400000, 0x0000000100000000)
  region size 1024K, 14 young (14336K), 14 survivors (14336K)
 Metaspace       used 70067K, committed 70784K, reserved 1114112K
  class space    used 10222K, committed 10560K, reserved 1048576K
}
Event: 4.368 GC heap before
{Heap before GC invocations=25 (full 0):
 garbage-first heap   total 235520K, used 78118K [0x00000000a2400000, 0x0000000100000000)
  region size 1024K, 15 young (15360K), 14 survivors (14336K)
 Metaspace       used 70067K, committed 70784K, reserved 1114112K
  class space    used 10222K, committed 10560K, reserved 1048576K
}
Event: 4.377 GC heap after
{Heap after GC invocations=26 (full 0):
 garbage-first heap   total 235520K, used 79872K [0x00000000a2400000, 0x0000000100000000)
  region size 1024K, 2 young (2048K), 2 survivors (2048K)
 Metaspace       used 70067K, committed 70784K, reserved 1114112K
  class space    used 10222K, committed 10560K, reserved 1048576K
}
Event: 4.467 GC heap before
{Heap before GC invocations=26 (full 0):
 garbage-first heap   total 235520K, used 159744K [0x00000000a2400000, 0x0000000100000000)
  region size 1024K, 80 young (81920K), 2 survivors (2048K)
 Metaspace       used 70067K, committed 70784K, reserved 1114112K
  class space    used 10222K, committed 10560K, reserved 1048576K
}
Event: 4.474 GC heap after
{Heap after GC invocations=27 (full 0):
 garbage-first heap   total 235520K, used 85566K [0x00000000a2400000, 0x0000000100000000)
  region size 1024K, 8 young (8192K), 8 survivors (8192K)
 Metaspace       used 70067K, committed 70784K, reserved 1114112K
  class space    used 10222K, committed 10560K, reserved 1048576K
}
Event: 4.802 GC heap before
{Heap before GC invocations=27 (full 0):
 garbage-first heap   total 235520K, used 166462K [0x00000000a2400000, 0x0000000100000000)
  region size 1024K, 87 young (89088K), 8 survivors (8192K)
 Metaspace       used 72156K, committed 72832K, reserved 1114112K
  class space    used 10577K, committed 10880K, reserved 1048576K
}
Event: 4.814 GC heap after
{Heap after GC invocations=28 (full 0):
 garbage-first heap   total 235520K, used 87874K [0x00000000a2400000, 0x0000000100000000)
  region size 1024K, 4 young (4096K), 4 survivors (4096K)
 Metaspace       used 72156K, committed 72832K, reserved 1114112K
  class space    used 10577K, committed 10880K, reserved 1048576K
}
Event: 57.149 GC heap before
{Heap before GC invocations=28 (full 0):
 garbage-first heap   total 235520K, used 172866K [0x00000000a2400000, 0x0000000100000000)
  region size 1024K, 88 young (90112K), 4 survivors (4096K)
 Metaspace       used 84586K, committed 85312K, reserved 1179648K
  class space    used 11966K, committed 12288K, reserved 1048576K
}

